[debug] [2022-04-18T12:37:03.697Z] ----------------------------------------------------------------------
[debug] [2022-04-18T12:37:03.706Z] Command:       C:\Program Files\nodejs\node.exe C:\Users\User\AppData\Roaming\npm\node_modules\firebase-tools\lib\bin\firebase.js init hosting
[debug] [2022-04-18T12:37:03.708Z] CLI Version:   10.6.0
[debug] [2022-04-18T12:37:03.709Z] Platform:      win32
[debug] [2022-04-18T12:37:03.709Z] Node Version:  v16.13.2
[debug] [2022-04-18T12:37:03.712Z] Time:          Mon Apr 18 2022 15:37:03 GMT+0300 (East Africa Time)
[debug] [2022-04-18T12:37:03.713Z] ----------------------------------------------------------------------
[debug] 
[debug] [2022-04-18T12:37:03.754Z] > command requires scopes: ["email","openid","https://www.googleapis.com/auth/cloudplatformprojects.readonly","https://www.googleapis.com/auth/firebase","https://www.googleapis.com/auth/cloud-platform"]
[debug] [2022-04-18T12:37:03.756Z] > authorizing via signed-in user (imranmat254@gmail.com)
[info] 
     ######## #### ########  ######## ########     ###     ######  ########
     ##        ##  ##     ## ##       ##     ##  ##   ##  ##       ##
     ######    ##  ########  ######   ########  #########  ######  ######
     ##        ##  ##    ##  ##       ##     ## ##     ##       ## ##
     ##       #### ##     ## ######## ########  ##     ##  ######  ########

You're about to initialize a Firebase project in this directory:

  C:\Users\User\Desktop\movie-review

[info] 
=== Project Setup
[info] 
[info] First, let's associate this project directory with a Firebase project.
[info] You can create multiple project aliases by running firebase use --add, 
[info] but for now we'll just set up a default project.
[info] 
[debug] [2022-04-18T12:37:25.640Z] >>> [apiv2][query] GET https://firebase.googleapis.com/v1beta1/projects pageSize=100
[debug] [2022-04-18T12:37:29.001Z] <<< [apiv2][status] GET https://firebase.googleapis.com/v1beta1/projects 200
[debug] [2022-04-18T12:37:29.003Z] <<< [apiv2][body] GET https://firebase.googleapis.com/v1beta1/projects [omitted]
[info] i  Using project movie-app-62211 (movie-app) 
[info] 
=== Hosting Setup
[info] 
[info] Your public directory is the folder (relative to your project directory) that
[info] will contain Hosting assets to be uploaded with firebase deploy. If you
[info] have a build process for your assets, use your build's output directory.
[info] 
